<?xml version="1.0" encoding="UTF-8"?>
<!-- Generated by org.testng.reporters.JUnitXMLReporter -->
<testsuite ignored="0" hostname="DESKTOP-TLNPRP0" failures="1" tests="2" name="OpenCart Tests" time="28.435" errors="0" timestamp="2021-03-25T22:23:24 IST">
  <testcase classname="testCases.TC_001_AccountRegistration" name="test_accout_Registration" time="8.42">
    <failure type="java.lang.AssertionError" message="expected [true] but found [false]">
      <![CDATA[java.lang.AssertionError: expected [true] but found [false]
at testCases.TC_001_AccountRegistration.test_accout_Registration(TC_001_AccountRegistration.java:64)
at java.base/java.util.ArrayList.forEach(ArrayList.java:1511)
... Removed 35 stack frames]]>
    </failure>
  </testcase> <!-- test_accout_Registration -->
  <testcase classname="testCases.TC_002_Login" name="test_Login" time="10.227"/>
</testsuite> <!-- OpenCart Tests -->
